<?xml version="1.0" encoding="utf-8"?>
<shfbBuild product="Sandcastle Help File Builder" version="2014.2.15.0 Beta" projectFile="C:\Users\Paweł\SkyDrive\Dokumenty\zadanie.shfbproj" started="2014-04-01 22:17:18">
<buildStep step="Initializing">
Finding tools...
The Sandcastle tools are located in &#39;C:\Program Files (x86)\EWSoftware\Sandcastle Help File Builder\&#39;
Searching for HTML Help 1 compiler...
Found HTML Help 1 compiler in &#39;C:\Program Files (x86)\HTML Help Workshop\&#39;
Locating components...
Using presentation style &#39;VS2005&#39; located in &#39;C:\Program Files (x86)\EWSoftware\Sandcastle Help File Builder\PresentationStyles\VS2005&#39;
</buildStep>
<buildStep step="ValidatingDocumentationSources">
Validating and copying documentation source information
Source: C:\Users\Paweł\Documents\GitHub\dotNet\2.1\2.1.5\2.1.5.sln
    Found project &#39;C:\Users\Paweł\Documents\GitHub\dotNet\2.1\2.1.5\2.1.5\2.1.5.csproj&#39;

Parsing project files
    Found assembly &#39;C:\Users\Paweł\Documents\GitHub\dotNet\2.1\2.1.5\2.1.5\bin\Debug\2.1.5.exe&#39;

References to include (excluding framework assemblies):
    None

Copying XML comments files
    C:\Users\Paweł\Documents\GitHub\dotNet\2.1\2.1.5\2.1.5\bin\Debug\2.1.5.XML -&gt; C:\Users\Paweł\SkyDrive\Dokumenty\Help\Working\2.1.5.XML
</buildStep>
<buildStep step="GenerateSharedContent">
Generating shared content files (en-US, Angielski (Stany Zjednoczone))...
    Last step completed in 00:00:00.0060
</buildStep>
<buildStep step="GenerateApiFilter">
Generating API filter for MRefBuilder...
    Last step completed in 00:00:00.0010
</buildStep>
<buildStep step="GenerateReflectionInfo">
Generating reflection information...
[C:\Windows\Microsoft.NET\Framework64\v4.0.30319\MSBuild.exe]
Kompilacja rozpocz&#169;a si&#169; 2014-04-01 22:17:18.
Projekt &quot;C:\Users\Pawe\SkyDrive\Dokumenty\Help\Working\GenerateRefInfo.proj&quot; w w&#169;&#171;le 1 (domylne elementy docelowe).
PrepareForBuild:
  Tworzenie katalogu &quot;obj\Debug\&quot;.
GenerateRefInfo:
  MRefBuilder (v2014.1.26.0)
  Copyright c 2006-2014, Microsoft Corporation, All Rights Reserved.
  Portions Copyright c 2006-2014, Eric Woodruff, All Rights Reserved.
  Loaded 1 assemblies for reflection and 1 dependency assemblies.
  Wrote information on 1 namespaces, 1 types, and 3 members
  Kopiowanie pliku z &quot;reflection.org&quot; do &quot;reflection.all&quot;.
  XslTransform (v2014.1.26.0)
  Copyright c 2006-2014, Microsoft Corporation, All Rights Reserved.
  Portions Copyright c 2006-2014, Eric Woodruff, All Rights Reserved.
  Applying XSL transformation &#39;C:\Program Files (x86)\EWSoftware\Sandcastle Help File Builder\ProductionTransforms\MergeDuplicates.xsl&#39;.
Kompilowanie projektu &quot;C:\Users\Pawe\SkyDrive\Dokumenty\Help\Working\GenerateRefInfo.proj&quot; wykonane (domylne elementy docelowe).

Kompilacja powioda si&#169;.

Czas, kt˘ry upynĄ: 00:00:01.86
    Last step completed in 00:00:02.3276
</buildStep>
<buildStep step="TransformReflectionInfo">
Transforming reflection output...
[C:\Windows\Microsoft.NET\Framework64\v4.0.30319\MSBuild.exe]
Kompilacja rozpocz&#169;a si&#169; 2014-04-01 22:17:21.
Projekt &quot;C:\Users\Pawe\SkyDrive\Dokumenty\Help\Working\TransformManifest.proj&quot; w w&#169;&#171;le 1 (domylne elementy docelowe).
TransformManifest:
  XslTransform (v2014.1.26.0)
  Copyright c 2006-2014, Microsoft Corporation, All Rights Reserved.
  Portions Copyright c 2006-2014, Eric Woodruff, All Rights Reserved.
  Applying XSL transformation &#39;C:\Program Files (x86)\EWSoftware\Sandcastle Help File Builder\\ProductionTransforms\ApplyVSDocModel.xsl&#39;.
  Kopiowanie pliku z &quot;reflection.xml&quot; do &quot;reflection.nofilenames&quot;.
  XslTransform (v2014.1.26.0)
  Copyright c 2006-2014, Microsoft Corporation, All Rights Reserved.
  Portions Copyright c 2006-2014, Eric Woodruff, All Rights Reserved.
  Applying XSL transformation &#39;C:\Program Files (x86)\EWSoftware\Sandcastle Help File Builder\ProductionTransforms\AddFilenames.xsl&#39;.
  XslTransform (v2014.1.26.0)
  Copyright c 2006-2014, Microsoft Corporation, All Rights Reserved.
  Portions Copyright c 2006-2014, Eric Woodruff, All Rights Reserved.
  Applying XSL transformation &#39;C:\Program Files (x86)\EWSoftware\Sandcastle Help File Builder\ProductionTransforms\ReflectionToManifest.xsl&#39;.
Kompilowanie projektu &quot;C:\Users\Pawe\SkyDrive\Dokumenty\Help\Working\TransformManifest.proj&quot; wykonane (domylne elementy docelowe).

Kompilacja powioda si&#169;.

Czas, kt˘ry upynĄ: 00:00:01.37
    Last step completed in 00:00:01.8302
</buildStep>
<buildStep step="GenerateNamespaceSummaries">
Generating namespace summary information...
    Last step completed in 00:00:00.0140
</buildStep>
<buildStep step="CopyAdditionalContent">
Copying additional content files...
No additional content to copy
    Last step completed in 00:00:00.0020
</buildStep>
<buildStep step="MergeTablesOfContents">
Merging conceptual and additional tables of contents...
    Last step completed in 00:00:00.0010
</buildStep>
<buildStep step="GenerateIntermediateTableOfContents">
Generating intermediate table of contents file...
[C:\Windows\Microsoft.NET\Framework64\v4.0.30319\MSBuild.exe]
Kompilacja rozpocz&#169;a si&#169; 2014-04-01 22:17:23.
Projekt &quot;C:\Users\Pawe\SkyDrive\Dokumenty\Help\Working\GenerateIntermediateTOC.proj&quot; w w&#169;&#171;le 1 (domylne elementy docelowe).
GenerateIntermediateTOC:
  XslTransform (v2014.1.26.0)
  Copyright c 2006-2014, Microsoft Corporation, All Rights Reserved.
  Portions Copyright c 2006-2014, Eric Woodruff, All Rights Reserved.
  Applying XSL transformation &#39;C:\Program Files (x86)\EWSoftware\Sandcastle Help File Builder\\ProductionTransforms\CreateVSToc.xsl&#39;.
Kompilowanie projektu &quot;C:\Users\Pawe\SkyDrive\Dokumenty\Help\Working\GenerateIntermediateTOC.proj&quot; wykonane (domylne elementy docelowe).

Kompilacja powioda si&#169;.

Czas, kt˘ry upynĄ: 00:00:00.95
Generating conceptual content intermediate TOC file...
    Last step completed in 00:00:01.4179
</buildStep>
<buildStep step="CreateBuildAssemblerConfigs">
Creating Sandcastle configuration files...
    sandcastle.config
    Last step completed in 00:00:00.0881
</buildStep>
<buildStep step="MergeCustomConfigs">
Merging custom build component configurations
C:\Users\Paweł\SkyDrive\Dokumenty\Help\Working\sandcastle.config
    Last step completed in 00:00:00.0240
</buildStep>
<buildStep step="BuildReferenceTopics">
Building reference help topics...
[C:\Windows\Microsoft.NET\Framework64\v4.0.30319\MSBuild.exe]
Kompilacja rozpocz&#169;a si&#169; 2014-04-01 22:17:24.
Projekt &quot;C:\Users\Pawe\SkyDrive\Dokumenty\Help\Working\BuildReferenceTopics.proj&quot; w w&#169;&#171;le 1 (domylne elementy docelowe).
BuildReferenceTopics:
  BuildAssembler (v2014.1.26.0)
  Copyright c 2006-2014, Microsoft Corporation, All Rights Reserved.
  Portions Copyright c 2006-2014, Eric Woodruff, All Rights Reserved.
  Loading configuration...
  Processing topics...
BuildAssembler : warning : ShowMissingComponent: [N:Grid] Missing &lt;summary&gt; documentation [C:\Users\Pawe\SkyDrive\Dokumenty\Help\Working\BuildReferenceTopics.proj]
BuildAssembler : warning : ShowMissingComponent: [M:Grid.Grid.#ctor(System.Int32,System.Int32)] Missing &lt;param name=&quot;x&quot;/&gt; documentation [C:\Users\Pawe\SkyDrive\Dokumenty\Help\Working\BuildReferenceTopics.proj]
BuildAssembler : warning : ShowMissingComponent: [M:Grid.Grid.#ctor(System.Int32,System.Int32)] Missing &lt;param name=&quot;y&quot;/&gt; documentation [C:\Users\Pawe\SkyDrive\Dokumenty\Help\Working\BuildReferenceTopics.proj]
  Processed 9 topic(s)
  3 warning(s)
  CopyFromIndexComponent: &quot;reflection&quot; in-memory cache entries used: 2 of 15.
  CopyFromIndexComponent: &quot;comments&quot; in-memory cache entries used: 2 of 30.
Kompilowanie projektu &quot;C:\Users\Pawe\SkyDrive\Dokumenty\Help\Working\BuildReferenceTopics.proj&quot; wykonane (domylne elementy docelowe).

Kompilacja powioda si&#169;.

Czas, kt˘ry upynĄ: 00:00:07.81
    Last step completed in 00:00:08.2925
</buildStep>
<buildStep step="CombiningIntermediateTocFiles">
Combining conceptual and API intermediate TOC files...

Clearing any prior web output
    Last step completed in 00:00:00.0040
</buildStep>
<buildStep step="ExtractingHtmlInfo">
Extracting HTML info for HTML Help 1 and/or website...
[C:\Windows\Microsoft.NET\Framework64\v4.0.30319\MSBuild.exe]
Sandcastle Help File Builder, version 2014.2.15.0 Beta
Copyright c 2006-2014, Eric Woodruff, All Rights Reserved
E-Mail: Eric@EWoodruff.us

Using LCID &#39;1033&#39;, code page &#39;65001&#39;, encoding charset &#39;UTF-8&#39;.

Processing Help 1 files in C:\Users\Pawe\SkyDrive\Dokumenty\Help\Working\Output\HtmlHelp1
Processed 9 HTML files
Sorting keywords and generating See Also indices
Saving HTML Help 1 keyword index to C:\Users\Pawe\SkyDrive\Dokumenty\Help\Working\Documentation.hhk
Saving HTML Help 1 table of contents to C:\Users\Pawe\SkyDrive\Dokumenty\Help\Working\Documentation.hhc

Processing website files in C:\Users\Pawe\SkyDrive\Dokumenty\Help\Working\Output\Website
Processed 9 HTML files
Sorting keywords and generating See Also indices
Saving website keyword index to C:\Users\Pawe\SkyDrive\Dokumenty\Help\Working\WebKI.xml
Saving website table of contents to C:\Users\Pawe\SkyDrive\Dokumenty\Help\Working\WebTOC.xml
    Last step completed in 00:00:01.4330
</buildStep>
<buildStep step="CopyStandardHelpContent">
Copying standard help content...
C:\Program Files (x86)\EWSoftware\Sandcastle Help File Builder\PresentationStyles\VS2005\icons\adm.gif -&gt; C:\Users\Paweł\SkyDrive\Dokumenty\Help\Working\Output\HtmlHelp1\icons\adm.gif
C:\Program Files (x86)\EWSoftware\Sandcastle Help File Builder\PresentationStyles\VS2005\icons\adm_arch.gif -&gt; C:\Users\Paweł\SkyDrive\Dokumenty\Help\Working\Output\HtmlHelp1\icons\adm_arch.gif
C:\Program Files (x86)\EWSoftware\Sandcastle Help File Builder\PresentationStyles\VS2005\icons\adm_dev.gif -&gt; C:\Users\Paweł\SkyDrive\Dokumenty\Help\Working\Output\HtmlHelp1\icons\adm_dev.gif
C:\Program Files (x86)\EWSoftware\Sandcastle Help File Builder\PresentationStyles\VS2005\icons\adm_dev_arch.gif -&gt; C:\Users\Paweł\SkyDrive\Dokumenty\Help\Working\Output\HtmlHelp1\icons\adm_dev_arch.gif
C:\Program Files (x86)\EWSoftware\Sandcastle Help File Builder\PresentationStyles\VS2005\icons\alert_caution.gif -&gt; C:\Users\Paweł\SkyDrive\Dokumenty\Help\Working\Output\HtmlHelp1\icons\alert_caution.gif
C:\Program Files (x86)\EWSoftware\Sandcastle Help File Builder\PresentationStyles\VS2005\icons\alert_note.gif -&gt; C:\Users\Paweł\SkyDrive\Dokumenty\Help\Working\Output\HtmlHelp1\icons\alert_note.gif
C:\Program Files (x86)\EWSoftware\Sandcastle Help File Builder\PresentationStyles\VS2005\icons\alert_security.gif -&gt; C:\Users\Paweł\SkyDrive\Dokumenty\Help\Working\Output\HtmlHelp1\icons\alert_security.gif
C:\Program Files (x86)\EWSoftware\Sandcastle Help File Builder\PresentationStyles\VS2005\icons\arch.gif -&gt; C:\Users\Paweł\SkyDrive\Dokumenty\Help\Working\Output\HtmlHelp1\icons\arch.gif
C:\Program Files (x86)\EWSoftware\Sandcastle Help File Builder\PresentationStyles\VS2005\icons\big_adm.gif -&gt; C:\Users\Paweł\SkyDrive\Dokumenty\Help\Working\Output\HtmlHelp1\icons\big_adm.gif
C:\Program Files (x86)\EWSoftware\Sandcastle Help File Builder\PresentationStyles\VS2005\icons\big_arch.gif -&gt; C:\Users\Paweł\SkyDrive\Dokumenty\Help\Working\Output\HtmlHelp1\icons\big_arch.gif
C:\Program Files (x86)\EWSoftware\Sandcastle Help File Builder\PresentationStyles\VS2005\icons\big_dev.gif -&gt; C:\Users\Paweł\SkyDrive\Dokumenty\Help\Working\Output\HtmlHelp1\icons\big_dev.gif
C:\Program Files (x86)\EWSoftware\Sandcastle Help File Builder\PresentationStyles\VS2005\icons\big_kw.gif -&gt; C:\Users\Paweł\SkyDrive\Dokumenty\Help\Working\Output\HtmlHelp1\icons\big_kw.gif
C:\Program Files (x86)\EWSoftware\Sandcastle Help File Builder\PresentationStyles\VS2005\icons\box.gif -&gt; C:\Users\Paweł\SkyDrive\Dokumenty\Help\Working\Output\HtmlHelp1\icons\box.gif
C:\Program Files (x86)\EWSoftware\Sandcastle Help File Builder\PresentationStyles\VS2005\icons\Caution.gif -&gt; C:\Users\Paweł\SkyDrive\Dokumenty\Help\Working\Output\HtmlHelp1\icons\Caution.gif
C:\Program Files (x86)\EWSoftware\Sandcastle Help File Builder\PresentationStyles\VS2005\icons\CFW.gif -&gt; C:\Users\Paweł\SkyDrive\Dokumenty\Help\Working\Output\HtmlHelp1\icons\CFW.gif
C:\Program Files (x86)\EWSoftware\Sandcastle Help File Builder\PresentationStyles\VS2005\icons\collall.gif -&gt; C:\Users\Paweł\SkyDrive\Dokumenty\Help\Working\Output\HtmlHelp1\icons\collall.gif
C:\Program Files (x86)\EWSoftware\Sandcastle Help File Builder\PresentationStyles\VS2005\icons\collapse.gif -&gt; C:\Users\Paweł\SkyDrive\Dokumenty\Help\Working\Output\HtmlHelp1\icons\collapse.gif
C:\Program Files (x86)\EWSoftware\Sandcastle Help File Builder\PresentationStyles\VS2005\icons\collapse_all.gif -&gt; C:\Users\Paweł\SkyDrive\Dokumenty\Help\Working\Output\HtmlHelp1\icons\collapse_all.gif
C:\Program Files (x86)\EWSoftware\Sandcastle Help File Builder\PresentationStyles\VS2005\icons\copycode.gif -&gt; C:\Users\Paweł\SkyDrive\Dokumenty\Help\Working\Output\HtmlHelp1\icons\copycode.gif
C:\Program Files (x86)\EWSoftware\Sandcastle Help File Builder\PresentationStyles\VS2005\icons\copycodeHighlight.gif -&gt; C:\Users\Paweł\SkyDrive\Dokumenty\Help\Working\Output\HtmlHelp1\icons\copycodeHighlight.gif
C:\Program Files (x86)\EWSoftware\Sandcastle Help File Builder\PresentationStyles\VS2005\icons\dev.gif -&gt; C:\Users\Paweł\SkyDrive\Dokumenty\Help\Working\Output\HtmlHelp1\icons\dev.gif
C:\Program Files (x86)\EWSoftware\Sandcastle Help File Builder\PresentationStyles\VS2005\icons\dev_arch.gif -&gt; C:\Users\Paweł\SkyDrive\Dokumenty\Help\Working\Output\HtmlHelp1\icons\dev_arch.gif
C:\Program Files (x86)\EWSoftware\Sandcastle Help File Builder\PresentationStyles\VS2005\icons\dropdown.gif -&gt; C:\Users\Paweł\SkyDrive\Dokumenty\Help\Working\Output\HtmlHelp1\icons\dropdown.gif
C:\Program Files (x86)\EWSoftware\Sandcastle Help File Builder\PresentationStyles\VS2005\icons\dropdownHover.gif -&gt; C:\Users\Paweł\SkyDrive\Dokumenty\Help\Working\Output\HtmlHelp1\icons\dropdownHover.gif
C:\Program Files (x86)\EWSoftware\Sandcastle Help File Builder\PresentationStyles\VS2005\icons\drpdown.gif -&gt; C:\Users\Paweł\SkyDrive\Dokumenty\Help\Working\Output\HtmlHelp1\icons\drpdown.gif
C:\Program Files (x86)\EWSoftware\Sandcastle Help File Builder\PresentationStyles\VS2005\icons\drpdown_orange.gif -&gt; C:\Users\Paweł\SkyDrive\Dokumenty\Help\Working\Output\HtmlHelp1\icons\drpdown_orange.gif
C:\Program Files (x86)\EWSoftware\Sandcastle Help File Builder\PresentationStyles\VS2005\icons\drpdown_orange_up.gif -&gt; C:\Users\Paweł\SkyDrive\Dokumenty\Help\Working\Output\HtmlHelp1\icons\drpdown_orange_up.gif
C:\Program Files (x86)\EWSoftware\Sandcastle Help File Builder\PresentationStyles\VS2005\icons\drpup.gif -&gt; C:\Users\Paweł\SkyDrive\Dokumenty\Help\Working\Output\HtmlHelp1\icons\drpup.gif
C:\Program Files (x86)\EWSoftware\Sandcastle Help File Builder\PresentationStyles\VS2005\icons\exp.gif -&gt; C:\Users\Paweł\SkyDrive\Dokumenty\Help\Working\Output\HtmlHelp1\icons\exp.gif
C:\Program Files (x86)\EWSoftware\Sandcastle Help File Builder\PresentationStyles\VS2005\icons\expall.gif -&gt; C:\Users\Paweł\SkyDrive\Dokumenty\Help\Working\Output\HtmlHelp1\icons\expall.gif
C:\Program Files (x86)\EWSoftware\Sandcastle Help File Builder\PresentationStyles\VS2005\icons\expand_all.gif -&gt; C:\Users\Paweł\SkyDrive\Dokumenty\Help\Working\Output\HtmlHelp1\icons\expand_all.gif
C:\Program Files (x86)\EWSoftware\Sandcastle Help File Builder\PresentationStyles\VS2005\icons\filter1a.gif -&gt; C:\Users\Paweł\SkyDrive\Dokumenty\Help\Working\Output\HtmlHelp1\icons\filter1a.gif
C:\Program Files (x86)\EWSoftware\Sandcastle Help File Builder\PresentationStyles\VS2005\icons\filter1c.gif -&gt; C:\Users\Paweł\SkyDrive\Dokumenty\Help\Working\Output\HtmlHelp1\icons\filter1c.gif
C:\Program Files (x86)\EWSoftware\Sandcastle Help File Builder\PresentationStyles\VS2005\icons\footer.gif -&gt; C:\Users\Paweł\SkyDrive\Dokumenty\Help\Working\Output\HtmlHelp1\icons\footer.gif
C:\Program Files (x86)\EWSoftware\Sandcastle Help File Builder\PresentationStyles\VS2005\icons\gradient.gif -&gt; C:\Users\Paweł\SkyDrive\Dokumenty\Help\Working\Output\HtmlHelp1\icons\gradient.gif
C:\Program Files (x86)\EWSoftware\Sandcastle Help File Builder\PresentationStyles\VS2005\icons\greencheck.gif -&gt; C:\Users\Paweł\SkyDrive\Dokumenty\Help\Working\Output\HtmlHelp1\icons\greencheck.gif
C:\Program Files (x86)\EWSoftware\Sandcastle Help File Builder\PresentationStyles\VS2005\icons\greychck.gif -&gt; C:\Users\Paweł\SkyDrive\Dokumenty\Help\Working\Output\HtmlHelp1\icons\greychck.gif
C:\Program Files (x86)\EWSoftware\Sandcastle Help File Builder\PresentationStyles\VS2005\icons\header_prev_next.jpg -&gt; C:\Users\Paweł\SkyDrive\Dokumenty\Help\Working\Output\HtmlHelp1\icons\header_prev_next.jpg
C:\Program Files (x86)\EWSoftware\Sandcastle Help File Builder\PresentationStyles\VS2005\icons\header_sql_tutorial_blank.jpg -&gt; C:\Users\Paweł\SkyDrive\Dokumenty\Help\Working\Output\HtmlHelp1\icons\header_sql_tutorial_blank.jpg
C:\Program Files (x86)\EWSoftware\Sandcastle Help File Builder\PresentationStyles\VS2005\icons\header_sql_tutorial_logo.GIF -&gt; C:\Users\Paweł\SkyDrive\Dokumenty\Help\Working\Output\HtmlHelp1\icons\header_sql_tutorial_logo.GIF
C:\Program Files (x86)\EWSoftware\Sandcastle Help File Builder\PresentationStyles\VS2005\icons\kw.gif -&gt; C:\Users\Paweł\SkyDrive\Dokumenty\Help\Working\Output\HtmlHelp1\icons\kw.gif
C:\Program Files (x86)\EWSoftware\Sandcastle Help File Builder\PresentationStyles\VS2005\icons\kw_adm.gif -&gt; C:\Users\Paweł\SkyDrive\Dokumenty\Help\Working\Output\HtmlHelp1\icons\kw_adm.gif
C:\Program Files (x86)\EWSoftware\Sandcastle Help File Builder\PresentationStyles\VS2005\icons\kw_adm_arch.gif -&gt; C:\Users\Paweł\SkyDrive\Dokumenty\Help\Working\Output\HtmlHelp1\icons\kw_adm_arch.gif
C:\Program Files (x86)\EWSoftware\Sandcastle Help File Builder\PresentationStyles\VS2005\icons\kw_adm_dev.gif -&gt; C:\Users\Paweł\SkyDrive\Dokumenty\Help\Working\Output\HtmlHelp1\icons\kw_adm_dev.gif
C:\Program Files (x86)\EWSoftware\Sandcastle Help File Builder\PresentationStyles\VS2005\icons\kw_adm_dev_arch.gif -&gt; C:\Users\Paweł\SkyDrive\Dokumenty\Help\Working\Output\HtmlHelp1\icons\kw_adm_dev_arch.gif
C:\Program Files (x86)\EWSoftware\Sandcastle Help File Builder\PresentationStyles\VS2005\icons\kw_arch.gif -&gt; C:\Users\Paweł\SkyDrive\Dokumenty\Help\Working\Output\HtmlHelp1\icons\kw_arch.gif
C:\Program Files (x86)\EWSoftware\Sandcastle Help File Builder\PresentationStyles\VS2005\icons\kw_dev.gif -&gt; C:\Users\Paweł\SkyDrive\Dokumenty\Help\Working\Output\HtmlHelp1\icons\kw_dev.gif
C:\Program Files (x86)\EWSoftware\Sandcastle Help File Builder\PresentationStyles\VS2005\icons\kw_dev_arch.gif -&gt; C:\Users\Paweł\SkyDrive\Dokumenty\Help\Working\Output\HtmlHelp1\icons\kw_dev_arch.gif
C:\Program Files (x86)\EWSoftware\Sandcastle Help File Builder\PresentationStyles\VS2005\icons\LastChild.gif -&gt; C:\Users\Paweł\SkyDrive\Dokumenty\Help\Working\Output\HtmlHelp1\icons\LastChild.gif
C:\Program Files (x86)\EWSoftware\Sandcastle Help File Builder\PresentationStyles\VS2005\icons\load.gif -&gt; C:\Users\Paweł\SkyDrive\Dokumenty\Help\Working\Output\HtmlHelp1\icons\load.gif
C:\Program Files (x86)\EWSoftware\Sandcastle Help File Builder\PresentationStyles\VS2005\icons\load_hover.gif -&gt; C:\Users\Paweł\SkyDrive\Dokumenty\Help\Working\Output\HtmlHelp1\icons\load_hover.gif
C:\Program Files (x86)\EWSoftware\Sandcastle Help File Builder\PresentationStyles\VS2005\icons\note.gif -&gt; C:\Users\Paweł\SkyDrive\Dokumenty\Help\Working\Output\HtmlHelp1\icons\note.gif
C:\Program Files (x86)\EWSoftware\Sandcastle Help File Builder\PresentationStyles\VS2005\icons\pencil.GIF -&gt; C:\Users\Paweł\SkyDrive\Dokumenty\Help\Working\Output\HtmlHelp1\icons\pencil.GIF
C:\Program Files (x86)\EWSoftware\Sandcastle Help File Builder\PresentationStyles\VS2005\icons\privclass.gif -&gt; C:\Users\Paweł\SkyDrive\Dokumenty\Help\Working\Output\HtmlHelp1\icons\privclass.gif
C:\Program Files (x86)\EWSoftware\Sandcastle Help File Builder\PresentationStyles\VS2005\icons\privdelegate.gif -&gt; C:\Users\Paweł\SkyDrive\Dokumenty\Help\Working\Output\HtmlHelp1\icons\privdelegate.gif
C:\Program Files (x86)\EWSoftware\Sandcastle Help File Builder\PresentationStyles\VS2005\icons\privenum.gif -&gt; C:\Users\Paweł\SkyDrive\Dokumenty\Help\Working\Output\HtmlHelp1\icons\privenum.gif
C:\Program Files (x86)\EWSoftware\Sandcastle Help File Builder\PresentationStyles\VS2005\icons\privenumeration.gif -&gt; C:\Users\Paweł\SkyDrive\Dokumenty\Help\Working\Output\HtmlHelp1\icons\privenumeration.gif
C:\Program Files (x86)\EWSoftware\Sandcastle Help File Builder\PresentationStyles\VS2005\icons\privevent.gif -&gt; C:\Users\Paweł\SkyDrive\Dokumenty\Help\Working\Output\HtmlHelp1\icons\privevent.gif
C:\Program Files (x86)\EWSoftware\Sandcastle Help File Builder\PresentationStyles\VS2005\icons\privextension.gif -&gt; C:\Users\Paweł\SkyDrive\Dokumenty\Help\Working\Output\HtmlHelp1\icons\privextension.gif
C:\Program Files (x86)\EWSoftware\Sandcastle Help File Builder\PresentationStyles\VS2005\icons\privfield.gif -&gt; C:\Users\Paweł\SkyDrive\Dokumenty\Help\Working\Output\HtmlHelp1\icons\privfield.gif
C:\Program Files (x86)\EWSoftware\Sandcastle Help File Builder\PresentationStyles\VS2005\icons\privinterface.gif -&gt; C:\Users\Paweł\SkyDrive\Dokumenty\Help\Working\Output\HtmlHelp1\icons\privinterface.gif
C:\Program Files (x86)\EWSoftware\Sandcastle Help File Builder\PresentationStyles\VS2005\icons\privmethod.gif -&gt; C:\Users\Paweł\SkyDrive\Dokumenty\Help\Working\Output\HtmlHelp1\icons\privmethod.gif
C:\Program Files (x86)\EWSoftware\Sandcastle Help File Builder\PresentationStyles\VS2005\icons\privproperty.gif -&gt; C:\Users\Paweł\SkyDrive\Dokumenty\Help\Working\Output\HtmlHelp1\icons\privproperty.gif
C:\Program Files (x86)\EWSoftware\Sandcastle Help File Builder\PresentationStyles\VS2005\icons\privstructure.gif -&gt; C:\Users\Paweł\SkyDrive\Dokumenty\Help\Working\Output\HtmlHelp1\icons\privstructure.gif
C:\Program Files (x86)\EWSoftware\Sandcastle Help File Builder\PresentationStyles\VS2005\icons\protclass.gif -&gt; C:\Users\Paweł\SkyDrive\Dokumenty\Help\Working\Output\HtmlHelp1\icons\protclass.gif
C:\Program Files (x86)\EWSoftware\Sandcastle Help File Builder\PresentationStyles\VS2005\icons\protdelegate.gif -&gt; C:\Users\Paweł\SkyDrive\Dokumenty\Help\Working\Output\HtmlHelp1\icons\protdelegate.gif
C:\Program Files (x86)\EWSoftware\Sandcastle Help File Builder\PresentationStyles\VS2005\icons\protenum.gif -&gt; C:\Users\Paweł\SkyDrive\Dokumenty\Help\Working\Output\HtmlHelp1\icons\protenum.gif
C:\Program Files (x86)\EWSoftware\Sandcastle Help File Builder\PresentationStyles\VS2005\icons\protenumeration.gif -&gt; C:\Users\Paweł\SkyDrive\Dokumenty\Help\Working\Output\HtmlHelp1\icons\protenumeration.gif
C:\Program Files (x86)\EWSoftware\Sandcastle Help File Builder\PresentationStyles\VS2005\icons\protevent.gif -&gt; C:\Users\Paweł\SkyDrive\Dokumenty\Help\Working\Output\HtmlHelp1\icons\protevent.gif
C:\Program Files (x86)\EWSoftware\Sandcastle Help File Builder\PresentationStyles\VS2005\icons\protextension.gif -&gt; C:\Users\Paweł\SkyDrive\Dokumenty\Help\Working\Output\HtmlHelp1\icons\protextension.gif
C:\Program Files (x86)\EWSoftware\Sandcastle Help File Builder\PresentationStyles\VS2005\icons\protfield.gif -&gt; C:\Users\Paweł\SkyDrive\Dokumenty\Help\Working\Output\HtmlHelp1\icons\protfield.gif
C:\Program Files (x86)\EWSoftware\Sandcastle Help File Builder\PresentationStyles\VS2005\icons\protinterface.gif -&gt; C:\Users\Paweł\SkyDrive\Dokumenty\Help\Working\Output\HtmlHelp1\icons\protinterface.gif
C:\Program Files (x86)\EWSoftware\Sandcastle Help File Builder\PresentationStyles\VS2005\icons\protmethod.gif -&gt; C:\Users\Paweł\SkyDrive\Dokumenty\Help\Working\Output\HtmlHelp1\icons\protmethod.gif
C:\Program Files (x86)\EWSoftware\Sandcastle Help File Builder\PresentationStyles\VS2005\icons\protoperator.gif -&gt; C:\Users\Paweł\SkyDrive\Dokumenty\Help\Working\Output\HtmlHelp1\icons\protoperator.gif
C:\Program Files (x86)\EWSoftware\Sandcastle Help File Builder\PresentationStyles\VS2005\icons\protproperty.gif -&gt; C:\Users\Paweł\SkyDrive\Dokumenty\Help\Working\Output\HtmlHelp1\icons\protproperty.gif
C:\Program Files (x86)\EWSoftware\Sandcastle Help File Builder\PresentationStyles\VS2005\icons\protstructure.gif -&gt; C:\Users\Paweł\SkyDrive\Dokumenty\Help\Working\Output\HtmlHelp1\icons\protstructure.gif
C:\Program Files (x86)\EWSoftware\Sandcastle Help File Builder\PresentationStyles\VS2005\icons\pubclass.gif -&gt; C:\Users\Paweł\SkyDrive\Dokumenty\Help\Working\Output\HtmlHelp1\icons\pubclass.gif
C:\Program Files (x86)\EWSoftware\Sandcastle Help File Builder\PresentationStyles\VS2005\icons\pubdelegate.gif -&gt; C:\Users\Paweł\SkyDrive\Dokumenty\Help\Working\Output\HtmlHelp1\icons\pubdelegate.gif
C:\Program Files (x86)\EWSoftware\Sandcastle Help File Builder\PresentationStyles\VS2005\icons\pubenum.gif -&gt; C:\Users\Paweł\SkyDrive\Dokumenty\Help\Working\Output\HtmlHelp1\icons\pubenum.gif
C:\Program Files (x86)\EWSoftware\Sandcastle Help File Builder\PresentationStyles\VS2005\icons\pubenumeration.gif -&gt; C:\Users\Paweł\SkyDrive\Dokumenty\Help\Working\Output\HtmlHelp1\icons\pubenumeration.gif
C:\Program Files (x86)\EWSoftware\Sandcastle Help File Builder\PresentationStyles\VS2005\icons\pubevent.gif -&gt; C:\Users\Paweł\SkyDrive\Dokumenty\Help\Working\Output\HtmlHelp1\icons\pubevent.gif
C:\Program Files (x86)\EWSoftware\Sandcastle Help File Builder\PresentationStyles\VS2005\icons\pubextension.gif -&gt; C:\Users\Paweł\SkyDrive\Dokumenty\Help\Working\Output\HtmlHelp1\icons\pubextension.gif
C:\Program Files (x86)\EWSoftware\Sandcastle Help File Builder\PresentationStyles\VS2005\icons\pubfield.gif -&gt; C:\Users\Paweł\SkyDrive\Dokumenty\Help\Working\Output\HtmlHelp1\icons\pubfield.gif
C:\Program Files (x86)\EWSoftware\Sandcastle Help File Builder\PresentationStyles\VS2005\icons\pubinterface.gif -&gt; C:\Users\Paweł\SkyDrive\Dokumenty\Help\Working\Output\HtmlHelp1\icons\pubinterface.gif
C:\Program Files (x86)\EWSoftware\Sandcastle Help File Builder\PresentationStyles\VS2005\icons\pubmethod.gif -&gt; C:\Users\Paweł\SkyDrive\Dokumenty\Help\Working\Output\HtmlHelp1\icons\pubmethod.gif
C:\Program Files (x86)\EWSoftware\Sandcastle Help File Builder\PresentationStyles\VS2005\icons\puboperator.gif -&gt; C:\Users\Paweł\SkyDrive\Dokumenty\Help\Working\Output\HtmlHelp1\icons\puboperator.gif
C:\Program Files (x86)\EWSoftware\Sandcastle Help File Builder\PresentationStyles\VS2005\icons\pubproperty.gif -&gt; C:\Users\Paweł\SkyDrive\Dokumenty\Help\Working\Output\HtmlHelp1\icons\pubproperty.gif
C:\Program Files (x86)\EWSoftware\Sandcastle Help File Builder\PresentationStyles\VS2005\icons\pubstructure.gif -&gt; C:\Users\Paweł\SkyDrive\Dokumenty\Help\Working\Output\HtmlHelp1\icons\pubstructure.gif
C:\Program Files (x86)\EWSoftware\Sandcastle Help File Builder\PresentationStyles\VS2005\icons\requirements1a.gif -&gt; C:\Users\Paweł\SkyDrive\Dokumenty\Help\Working\Output\HtmlHelp1\icons\requirements1a.gif
C:\Program Files (x86)\EWSoftware\Sandcastle Help File Builder\PresentationStyles\VS2005\icons\requirements1c.gif -&gt; C:\Users\Paweł\SkyDrive\Dokumenty\Help\Working\Output\HtmlHelp1\icons\requirements1c.gif
C:\Program Files (x86)\EWSoftware\Sandcastle Help File Builder\PresentationStyles\VS2005\icons\save.gif -&gt; C:\Users\Paweł\SkyDrive\Dokumenty\Help\Working\Output\HtmlHelp1\icons\save.gif
C:\Program Files (x86)\EWSoftware\Sandcastle Help File Builder\PresentationStyles\VS2005\icons\save_hover.gif -&gt; C:\Users\Paweł\SkyDrive\Dokumenty\Help\Working\Output\HtmlHelp1\icons\save_hover.gif
C:\Program Files (x86)\EWSoftware\Sandcastle Help File Builder\PresentationStyles\VS2005\icons\security.gif -&gt; C:\Users\Paweł\SkyDrive\Dokumenty\Help\Working\Output\HtmlHelp1\icons\security.gif
C:\Program Files (x86)\EWSoftware\Sandcastle Help File Builder\PresentationStyles\VS2005\icons\seealso1a.gif -&gt; C:\Users\Paweł\SkyDrive\Dokumenty\Help\Working\Output\HtmlHelp1\icons\seealso1a.gif
C:\Program Files (x86)\EWSoftware\Sandcastle Help File Builder\PresentationStyles\VS2005\icons\seealso1c.gif -&gt; C:\Users\Paweł\SkyDrive\Dokumenty\Help\Working\Output\HtmlHelp1\icons\seealso1c.gif
C:\Program Files (x86)\EWSoftware\Sandcastle Help File Builder\PresentationStyles\VS2005\icons\slMobile.gif -&gt; C:\Users\Paweł\SkyDrive\Dokumenty\Help\Working\Output\HtmlHelp1\icons\slMobile.gif
C:\Program Files (x86)\EWSoftware\Sandcastle Help File Builder\PresentationStyles\VS2005\icons\static.gif -&gt; C:\Users\Paweł\SkyDrive\Dokumenty\Help\Working\Output\HtmlHelp1\icons\static.gif
C:\Program Files (x86)\EWSoftware\Sandcastle Help File Builder\PresentationStyles\VS2005\icons\xna.gif -&gt; C:\Users\Paweł\SkyDrive\Dokumenty\Help\Working\Output\HtmlHelp1\icons\xna.gif
C:\Program Files (x86)\EWSoftware\Sandcastle Help File Builder\PresentationStyles\VS2005\scripts\CheckboxMenu.js -&gt; C:\Users\Paweł\SkyDrive\Dokumenty\Help\Working\Output\HtmlHelp1\scripts\CheckboxMenu.js
C:\Program Files (x86)\EWSoftware\Sandcastle Help File Builder\PresentationStyles\VS2005\scripts\CommonUtilities.js -&gt; C:\Users\Paweł\SkyDrive\Dokumenty\Help\Working\Output\HtmlHelp1\scripts\CommonUtilities.js
C:\Program Files (x86)\EWSoftware\Sandcastle Help File Builder\PresentationStyles\VS2005\scripts\Dropdown.js -&gt; C:\Users\Paweł\SkyDrive\Dokumenty\Help\Working\Output\HtmlHelp1\scripts\Dropdown.js
C:\Program Files (x86)\EWSoftware\Sandcastle Help File Builder\PresentationStyles\VS2005\scripts\EventUtilities.js -&gt; C:\Users\Paweł\SkyDrive\Dokumenty\Help\Working\Output\HtmlHelp1\scripts\EventUtilities.js
C:\Program Files (x86)\EWSoftware\Sandcastle Help File Builder\PresentationStyles\VS2005\scripts\script_feedBack.js -&gt; C:\Users\Paweł\SkyDrive\Dokumenty\Help\Working\Output\HtmlHelp1\scripts\script_feedBack.js
C:\Program Files (x86)\EWSoftware\Sandcastle Help File Builder\PresentationStyles\VS2005\scripts\script_manifold.js -&gt; C:\Users\Paweł\SkyDrive\Dokumenty\Help\Working\Output\HtmlHelp1\scripts\script_manifold.js
C:\Program Files (x86)\EWSoftware\Sandcastle Help File Builder\PresentationStyles\VS2005\scripts\SplitScreen.js -&gt; C:\Users\Paweł\SkyDrive\Dokumenty\Help\Working\Output\HtmlHelp1\scripts\SplitScreen.js
C:\Program Files (x86)\EWSoftware\Sandcastle Help File Builder\PresentationStyles\VS2005\styles\Presentation.css -&gt; C:\Users\Paweł\SkyDrive\Dokumenty\Help\Working\Output\HtmlHelp1\styles\Presentation.css
C:\Program Files (x86)\EWSoftware\Sandcastle Help File Builder\PresentationStyles\VS2005\icons\adm.gif -&gt; C:\Users\Paweł\SkyDrive\Dokumenty\Help\Working\Output\Website\icons\adm.gif
C:\Program Files (x86)\EWSoftware\Sandcastle Help File Builder\PresentationStyles\VS2005\icons\adm_arch.gif -&gt; C:\Users\Paweł\SkyDrive\Dokumenty\Help\Working\Output\Website\icons\adm_arch.gif
C:\Program Files (x86)\EWSoftware\Sandcastle Help File Builder\PresentationStyles\VS2005\icons\adm_dev.gif -&gt; C:\Users\Paweł\SkyDrive\Dokumenty\Help\Working\Output\Website\icons\adm_dev.gif
C:\Program Files (x86)\EWSoftware\Sandcastle Help File Builder\PresentationStyles\VS2005\icons\adm_dev_arch.gif -&gt; C:\Users\Paweł\SkyDrive\Dokumenty\Help\Working\Output\Website\icons\adm_dev_arch.gif
C:\Program Files (x86)\EWSoftware\Sandcastle Help File Builder\PresentationStyles\VS2005\icons\alert_caution.gif -&gt; C:\Users\Paweł\SkyDrive\Dokumenty\Help\Working\Output\Website\icons\alert_caution.gif
C:\Program Files (x86)\EWSoftware\Sandcastle Help File Builder\PresentationStyles\VS2005\icons\alert_note.gif -&gt; C:\Users\Paweł\SkyDrive\Dokumenty\Help\Working\Output\Website\icons\alert_note.gif
C:\Program Files (x86)\EWSoftware\Sandcastle Help File Builder\PresentationStyles\VS2005\icons\alert_security.gif -&gt; C:\Users\Paweł\SkyDrive\Dokumenty\Help\Working\Output\Website\icons\alert_security.gif
C:\Program Files (x86)\EWSoftware\Sandcastle Help File Builder\PresentationStyles\VS2005\icons\arch.gif -&gt; C:\Users\Paweł\SkyDrive\Dokumenty\Help\Working\Output\Website\icons\arch.gif
C:\Program Files (x86)\EWSoftware\Sandcastle Help File Builder\PresentationStyles\VS2005\icons\big_adm.gif -&gt; C:\Users\Paweł\SkyDrive\Dokumenty\Help\Working\Output\Website\icons\big_adm.gif
C:\Program Files (x86)\EWSoftware\Sandcastle Help File Builder\PresentationStyles\VS2005\icons\big_arch.gif -&gt; C:\Users\Paweł\SkyDrive\Dokumenty\Help\Working\Output\Website\icons\big_arch.gif
C:\Program Files (x86)\EWSoftware\Sandcastle Help File Builder\PresentationStyles\VS2005\icons\big_dev.gif -&gt; C:\Users\Paweł\SkyDrive\Dokumenty\Help\Working\Output\Website\icons\big_dev.gif
C:\Program Files (x86)\EWSoftware\Sandcastle Help File Builder\PresentationStyles\VS2005\icons\big_kw.gif -&gt; C:\Users\Paweł\SkyDrive\Dokumenty\Help\Working\Output\Website\icons\big_kw.gif
C:\Program Files (x86)\EWSoftware\Sandcastle Help File Builder\PresentationStyles\VS2005\icons\box.gif -&gt; C:\Users\Paweł\SkyDrive\Dokumenty\Help\Working\Output\Website\icons\box.gif
C:\Program Files (x86)\EWSoftware\Sandcastle Help File Builder\PresentationStyles\VS2005\icons\Caution.gif -&gt; C:\Users\Paweł\SkyDrive\Dokumenty\Help\Working\Output\Website\icons\Caution.gif
C:\Program Files (x86)\EWSoftware\Sandcastle Help File Builder\PresentationStyles\VS2005\icons\CFW.gif -&gt; C:\Users\Paweł\SkyDrive\Dokumenty\Help\Working\Output\Website\icons\CFW.gif
C:\Program Files (x86)\EWSoftware\Sandcastle Help File Builder\PresentationStyles\VS2005\icons\collall.gif -&gt; C:\Users\Paweł\SkyDrive\Dokumenty\Help\Working\Output\Website\icons\collall.gif
C:\Program Files (x86)\EWSoftware\Sandcastle Help File Builder\PresentationStyles\VS2005\icons\collapse.gif -&gt; C:\Users\Paweł\SkyDrive\Dokumenty\Help\Working\Output\Website\icons\collapse.gif
C:\Program Files (x86)\EWSoftware\Sandcastle Help File Builder\PresentationStyles\VS2005\icons\collapse_all.gif -&gt; C:\Users\Paweł\SkyDrive\Dokumenty\Help\Working\Output\Website\icons\collapse_all.gif
C:\Program Files (x86)\EWSoftware\Sandcastle Help File Builder\PresentationStyles\VS2005\icons\copycode.gif -&gt; C:\Users\Paweł\SkyDrive\Dokumenty\Help\Working\Output\Website\icons\copycode.gif
C:\Program Files (x86)\EWSoftware\Sandcastle Help File Builder\PresentationStyles\VS2005\icons\copycodeHighlight.gif -&gt; C:\Users\Paweł\SkyDrive\Dokumenty\Help\Working\Output\Website\icons\copycodeHighlight.gif
C:\Program Files (x86)\EWSoftware\Sandcastle Help File Builder\PresentationStyles\VS2005\icons\dev.gif -&gt; C:\Users\Paweł\SkyDrive\Dokumenty\Help\Working\Output\Website\icons\dev.gif
C:\Program Files (x86)\EWSoftware\Sandcastle Help File Builder\PresentationStyles\VS2005\icons\dev_arch.gif -&gt; C:\Users\Paweł\SkyDrive\Dokumenty\Help\Working\Output\Website\icons\dev_arch.gif
C:\Program Files (x86)\EWSoftware\Sandcastle Help File Builder\PresentationStyles\VS2005\icons\dropdown.gif -&gt; C:\Users\Paweł\SkyDrive\Dokumenty\Help\Working\Output\Website\icons\dropdown.gif
C:\Program Files (x86)\EWSoftware\Sandcastle Help File Builder\PresentationStyles\VS2005\icons\dropdownHover.gif -&gt; C:\Users\Paweł\SkyDrive\Dokumenty\Help\Working\Output\Website\icons\dropdownHover.gif
C:\Program Files (x86)\EWSoftware\Sandcastle Help File Builder\PresentationStyles\VS2005\icons\drpdown.gif -&gt; C:\Users\Paweł\SkyDrive\Dokumenty\Help\Working\Output\Website\icons\drpdown.gif
C:\Program Files (x86)\EWSoftware\Sandcastle Help File Builder\PresentationStyles\VS2005\icons\drpdown_orange.gif -&gt; C:\Users\Paweł\SkyDrive\Dokumenty\Help\Working\Output\Website\icons\drpdown_orange.gif
C:\Program Files (x86)\EWSoftware\Sandcastle Help File Builder\PresentationStyles\VS2005\icons\drpdown_orange_up.gif -&gt; C:\Users\Paweł\SkyDrive\Dokumenty\Help\Working\Output\Website\icons\drpdown_orange_up.gif
C:\Program Files (x86)\EWSoftware\Sandcastle Help File Builder\PresentationStyles\VS2005\icons\drpup.gif -&gt; C:\Users\Paweł\SkyDrive\Dokumenty\Help\Working\Output\Website\icons\drpup.gif
C:\Program Files (x86)\EWSoftware\Sandcastle Help File Builder\PresentationStyles\VS2005\icons\exp.gif -&gt; C:\Users\Paweł\SkyDrive\Dokumenty\Help\Working\Output\Website\icons\exp.gif
C:\Program Files (x86)\EWSoftware\Sandcastle Help File Builder\PresentationStyles\VS2005\icons\expall.gif -&gt; C:\Users\Paweł\SkyDrive\Dokumenty\Help\Working\Output\Website\icons\expall.gif
C:\Program Files (x86)\EWSoftware\Sandcastle Help File Builder\PresentationStyles\VS2005\icons\expand_all.gif -&gt; C:\Users\Paweł\SkyDrive\Dokumenty\Help\Working\Output\Website\icons\expand_all.gif
C:\Program Files (x86)\EWSoftware\Sandcastle Help File Builder\PresentationStyles\VS2005\icons\filter1a.gif -&gt; C:\Users\Paweł\SkyDrive\Dokumenty\Help\Working\Output\Website\icons\filter1a.gif
C:\Program Files (x86)\EWSoftware\Sandcastle Help File Builder\PresentationStyles\VS2005\icons\filter1c.gif -&gt; C:\Users\Paweł\SkyDrive\Dokumenty\Help\Working\Output\Website\icons\filter1c.gif
C:\Program Files (x86)\EWSoftware\Sandcastle Help File Builder\PresentationStyles\VS2005\icons\footer.gif -&gt; C:\Users\Paweł\SkyDrive\Dokumenty\Help\Working\Output\Website\icons\footer.gif
C:\Program Files (x86)\EWSoftware\Sandcastle Help File Builder\PresentationStyles\VS2005\icons\gradient.gif -&gt; C:\Users\Paweł\SkyDrive\Dokumenty\Help\Working\Output\Website\icons\gradient.gif
C:\Program Files (x86)\EWSoftware\Sandcastle Help File Builder\PresentationStyles\VS2005\icons\greencheck.gif -&gt; C:\Users\Paweł\SkyDrive\Dokumenty\Help\Working\Output\Website\icons\greencheck.gif
C:\Program Files (x86)\EWSoftware\Sandcastle Help File Builder\PresentationStyles\VS2005\icons\greychck.gif -&gt; C:\Users\Paweł\SkyDrive\Dokumenty\Help\Working\Output\Website\icons\greychck.gif
C:\Program Files (x86)\EWSoftware\Sandcastle Help File Builder\PresentationStyles\VS2005\icons\header_prev_next.jpg -&gt; C:\Users\Paweł\SkyDrive\Dokumenty\Help\Working\Output\Website\icons\header_prev_next.jpg
C:\Program Files (x86)\EWSoftware\Sandcastle Help File Builder\PresentationStyles\VS2005\icons\header_sql_tutorial_blank.jpg -&gt; C:\Users\Paweł\SkyDrive\Dokumenty\Help\Working\Output\Website\icons\header_sql_tutorial_blank.jpg
C:\Program Files (x86)\EWSoftware\Sandcastle Help File Builder\PresentationStyles\VS2005\icons\header_sql_tutorial_logo.GIF -&gt; C:\Users\Paweł\SkyDrive\Dokumenty\Help\Working\Output\Website\icons\header_sql_tutorial_logo.GIF
C:\Program Files (x86)\EWSoftware\Sandcastle Help File Builder\PresentationStyles\VS2005\icons\kw.gif -&gt; C:\Users\Paweł\SkyDrive\Dokumenty\Help\Working\Output\Website\icons\kw.gif
C:\Program Files (x86)\EWSoftware\Sandcastle Help File Builder\PresentationStyles\VS2005\icons\kw_adm.gif -&gt; C:\Users\Paweł\SkyDrive\Dokumenty\Help\Working\Output\Website\icons\kw_adm.gif
C:\Program Files (x86)\EWSoftware\Sandcastle Help File Builder\PresentationStyles\VS2005\icons\kw_adm_arch.gif -&gt; C:\Users\Paweł\SkyDrive\Dokumenty\Help\Working\Output\Website\icons\kw_adm_arch.gif
C:\Program Files (x86)\EWSoftware\Sandcastle Help File Builder\PresentationStyles\VS2005\icons\kw_adm_dev.gif -&gt; C:\Users\Paweł\SkyDrive\Dokumenty\Help\Working\Output\Website\icons\kw_adm_dev.gif
C:\Program Files (x86)\EWSoftware\Sandcastle Help File Builder\PresentationStyles\VS2005\icons\kw_adm_dev_arch.gif -&gt; C:\Users\Paweł\SkyDrive\Dokumenty\Help\Working\Output\Website\icons\kw_adm_dev_arch.gif
C:\Program Files (x86)\EWSoftware\Sandcastle Help File Builder\PresentationStyles\VS2005\icons\kw_arch.gif -&gt; C:\Users\Paweł\SkyDrive\Dokumenty\Help\Working\Output\Website\icons\kw_arch.gif
C:\Program Files (x86)\EWSoftware\Sandcastle Help File Builder\PresentationStyles\VS2005\icons\kw_dev.gif -&gt; C:\Users\Paweł\SkyDrive\Dokumenty\Help\Working\Output\Website\icons\kw_dev.gif
C:\Program Files (x86)\EWSoftware\Sandcastle Help File Builder\PresentationStyles\VS2005\icons\kw_dev_arch.gif -&gt; C:\Users\Paweł\SkyDrive\Dokumenty\Help\Working\Output\Website\icons\kw_dev_arch.gif
C:\Program Files (x86)\EWSoftware\Sandcastle Help File Builder\PresentationStyles\VS2005\icons\LastChild.gif -&gt; C:\Users\Paweł\SkyDrive\Dokumenty\Help\Working\Output\Website\icons\LastChild.gif
C:\Program Files (x86)\EWSoftware\Sandcastle Help File Builder\PresentationStyles\VS2005\icons\load.gif -&gt; C:\Users\Paweł\SkyDrive\Dokumenty\Help\Working\Output\Website\icons\load.gif
C:\Program Files (x86)\EWSoftware\Sandcastle Help File Builder\PresentationStyles\VS2005\icons\load_hover.gif -&gt; C:\Users\Paweł\SkyDrive\Dokumenty\Help\Working\Output\Website\icons\load_hover.gif
C:\Program Files (x86)\EWSoftware\Sandcastle Help File Builder\PresentationStyles\VS2005\icons\note.gif -&gt; C:\Users\Paweł\SkyDrive\Dokumenty\Help\Working\Output\Website\icons\note.gif
C:\Program Files (x86)\EWSoftware\Sandcastle Help File Builder\PresentationStyles\VS2005\icons\pencil.GIF -&gt; C:\Users\Paweł\SkyDrive\Dokumenty\Help\Working\Output\Website\icons\pencil.GIF
C:\Program Files (x86)\EWSoftware\Sandcastle Help File Builder\PresentationStyles\VS2005\icons\privclass.gif -&gt; C:\Users\Paweł\SkyDrive\Dokumenty\Help\Working\Output\Website\icons\privclass.gif
C:\Program Files (x86)\EWSoftware\Sandcastle Help File Builder\PresentationStyles\VS2005\icons\privdelegate.gif -&gt; C:\Users\Paweł\SkyDrive\Dokumenty\Help\Working\Output\Website\icons\privdelegate.gif
C:\Program Files (x86)\EWSoftware\Sandcastle Help File Builder\PresentationStyles\VS2005\icons\privenum.gif -&gt; C:\Users\Paweł\SkyDrive\Dokumenty\Help\Working\Output\Website\icons\privenum.gif
C:\Program Files (x86)\EWSoftware\Sandcastle Help File Builder\PresentationStyles\VS2005\icons\privenumeration.gif -&gt; C:\Users\Paweł\SkyDrive\Dokumenty\Help\Working\Output\Website\icons\privenumeration.gif
C:\Program Files (x86)\EWSoftware\Sandcastle Help File Builder\PresentationStyles\VS2005\icons\privevent.gif -&gt; C:\Users\Paweł\SkyDrive\Dokumenty\Help\Working\Output\Website\icons\privevent.gif
C:\Program Files (x86)\EWSoftware\Sandcastle Help File Builder\PresentationStyles\VS2005\icons\privextension.gif -&gt; C:\Users\Paweł\SkyDrive\Dokumenty\Help\Working\Output\Website\icons\privextension.gif
C:\Program Files (x86)\EWSoftware\Sandcastle Help File Builder\PresentationStyles\VS2005\icons\privfield.gif -&gt; C:\Users\Paweł\SkyDrive\Dokumenty\Help\Working\Output\Website\icons\privfield.gif
C:\Program Files (x86)\EWSoftware\Sandcastle Help File Builder\PresentationStyles\VS2005\icons\privinterface.gif -&gt; C:\Users\Paweł\SkyDrive\Dokumenty\Help\Working\Output\Website\icons\privinterface.gif
C:\Program Files (x86)\EWSoftware\Sandcastle Help File Builder\PresentationStyles\VS2005\icons\privmethod.gif -&gt; C:\Users\Paweł\SkyDrive\Dokumenty\Help\Working\Output\Website\icons\privmethod.gif
C:\Program Files (x86)\EWSoftware\Sandcastle Help File Builder\PresentationStyles\VS2005\icons\privproperty.gif -&gt; C:\Users\Paweł\SkyDrive\Dokumenty\Help\Working\Output\Website\icons\privproperty.gif
C:\Program Files (x86)\EWSoftware\Sandcastle Help File Builder\PresentationStyles\VS2005\icons\privstructure.gif -&gt; C:\Users\Paweł\SkyDrive\Dokumenty\Help\Working\Output\Website\icons\privstructure.gif
C:\Program Files (x86)\EWSoftware\Sandcastle Help File Builder\PresentationStyles\VS2005\icons\protclass.gif -&gt; C:\Users\Paweł\SkyDrive\Dokumenty\Help\Working\Output\Website\icons\protclass.gif
C:\Program Files (x86)\EWSoftware\Sandcastle Help File Builder\PresentationStyles\VS2005\icons\protdelegate.gif -&gt; C:\Users\Paweł\SkyDrive\Dokumenty\Help\Working\Output\Website\icons\protdelegate.gif
C:\Program Files (x86)\EWSoftware\Sandcastle Help File Builder\PresentationStyles\VS2005\icons\protenum.gif -&gt; C:\Users\Paweł\SkyDrive\Dokumenty\Help\Working\Output\Website\icons\protenum.gif
C:\Program Files (x86)\EWSoftware\Sandcastle Help File Builder\PresentationStyles\VS2005\icons\protenumeration.gif -&gt; C:\Users\Paweł\SkyDrive\Dokumenty\Help\Working\Output\Website\icons\protenumeration.gif
C:\Program Files (x86)\EWSoftware\Sandcastle Help File Builder\PresentationStyles\VS2005\icons\protevent.gif -&gt; C:\Users\Paweł\SkyDrive\Dokumenty\Help\Working\Output\Website\icons\protevent.gif
C:\Program Files (x86)\EWSoftware\Sandcastle Help File Builder\PresentationStyles\VS2005\icons\protextension.gif -&gt; C:\Users\Paweł\SkyDrive\Dokumenty\Help\Working\Output\Website\icons\protextension.gif
C:\Program Files (x86)\EWSoftware\Sandcastle Help File Builder\PresentationStyles\VS2005\icons\protfield.gif -&gt; C:\Users\Paweł\SkyDrive\Dokumenty\Help\Working\Output\Website\icons\protfield.gif
C:\Program Files (x86)\EWSoftware\Sandcastle Help File Builder\PresentationStyles\VS2005\icons\protinterface.gif -&gt; C:\Users\Paweł\SkyDrive\Dokumenty\Help\Working\Output\Website\icons\protinterface.gif
C:\Program Files (x86)\EWSoftware\Sandcastle Help File Builder\PresentationStyles\VS2005\icons\protmethod.gif -&gt; C:\Users\Paweł\SkyDrive\Dokumenty\Help\Working\Output\Website\icons\protmethod.gif
C:\Program Files (x86)\EWSoftware\Sandcastle Help File Builder\PresentationStyles\VS2005\icons\protoperator.gif -&gt; C:\Users\Paweł\SkyDrive\Dokumenty\Help\Working\Output\Website\icons\protoperator.gif
C:\Program Files (x86)\EWSoftware\Sandcastle Help File Builder\PresentationStyles\VS2005\icons\protproperty.gif -&gt; C:\Users\Paweł\SkyDrive\Dokumenty\Help\Working\Output\Website\icons\protproperty.gif
C:\Program Files (x86)\EWSoftware\Sandcastle Help File Builder\PresentationStyles\VS2005\icons\protstructure.gif -&gt; C:\Users\Paweł\SkyDrive\Dokumenty\Help\Working\Output\Website\icons\protstructure.gif
C:\Program Files (x86)\EWSoftware\Sandcastle Help File Builder\PresentationStyles\VS2005\icons\pubclass.gif -&gt; C:\Users\Paweł\SkyDrive\Dokumenty\Help\Working\Output\Website\icons\pubclass.gif
C:\Program Files (x86)\EWSoftware\Sandcastle Help File Builder\PresentationStyles\VS2005\icons\pubdelegate.gif -&gt; C:\Users\Paweł\SkyDrive\Dokumenty\Help\Working\Output\Website\icons\pubdelegate.gif
C:\Program Files (x86)\EWSoftware\Sandcastle Help File Builder\PresentationStyles\VS2005\icons\pubenum.gif -&gt; C:\Users\Paweł\SkyDrive\Dokumenty\Help\Working\Output\Website\icons\pubenum.gif
C:\Program Files (x86)\EWSoftware\Sandcastle Help File Builder\PresentationStyles\VS2005\icons\pubenumeration.gif -&gt; C:\Users\Paweł\SkyDrive\Dokumenty\Help\Working\Output\Website\icons\pubenumeration.gif
C:\Program Files (x86)\EWSoftware\Sandcastle Help File Builder\PresentationStyles\VS2005\icons\pubevent.gif -&gt; C:\Users\Paweł\SkyDrive\Dokumenty\Help\Working\Output\Website\icons\pubevent.gif
C:\Program Files (x86)\EWSoftware\Sandcastle Help File Builder\PresentationStyles\VS2005\icons\pubextension.gif -&gt; C:\Users\Paweł\SkyDrive\Dokumenty\Help\Working\Output\Website\icons\pubextension.gif
C:\Program Files (x86)\EWSoftware\Sandcastle Help File Builder\PresentationStyles\VS2005\icons\pubfield.gif -&gt; C:\Users\Paweł\SkyDrive\Dokumenty\Help\Working\Output\Website\icons\pubfield.gif
C:\Program Files (x86)\EWSoftware\Sandcastle Help File Builder\PresentationStyles\VS2005\icons\pubinterface.gif -&gt; C:\Users\Paweł\SkyDrive\Dokumenty\Help\Working\Output\Website\icons\pubinterface.gif
C:\Program Files (x86)\EWSoftware\Sandcastle Help File Builder\PresentationStyles\VS2005\icons\pubmethod.gif -&gt; C:\Users\Paweł\SkyDrive\Dokumenty\Help\Working\Output\Website\icons\pubmethod.gif
C:\Program Files (x86)\EWSoftware\Sandcastle Help File Builder\PresentationStyles\VS2005\icons\puboperator.gif -&gt; C:\Users\Paweł\SkyDrive\Dokumenty\Help\Working\Output\Website\icons\puboperator.gif
C:\Program Files (x86)\EWSoftware\Sandcastle Help File Builder\PresentationStyles\VS2005\icons\pubproperty.gif -&gt; C:\Users\Paweł\SkyDrive\Dokumenty\Help\Working\Output\Website\icons\pubproperty.gif
C:\Program Files (x86)\EWSoftware\Sandcastle Help File Builder\PresentationStyles\VS2005\icons\pubstructure.gif -&gt; C:\Users\Paweł\SkyDrive\Dokumenty\Help\Working\Output\Website\icons\pubstructure.gif
C:\Program Files (x86)\EWSoftware\Sandcastle Help File Builder\PresentationStyles\VS2005\icons\requirements1a.gif -&gt; C:\Users\Paweł\SkyDrive\Dokumenty\Help\Working\Output\Website\icons\requirements1a.gif
C:\Program Files (x86)\EWSoftware\Sandcastle Help File Builder\PresentationStyles\VS2005\icons\requirements1c.gif -&gt; C:\Users\Paweł\SkyDrive\Dokumenty\Help\Working\Output\Website\icons\requirements1c.gif
C:\Program Files (x86)\EWSoftware\Sandcastle Help File Builder\PresentationStyles\VS2005\icons\save.gif -&gt; C:\Users\Paweł\SkyDrive\Dokumenty\Help\Working\Output\Website\icons\save.gif
C:\Program Files (x86)\EWSoftware\Sandcastle Help File Builder\PresentationStyles\VS2005\icons\save_hover.gif -&gt; C:\Users\Paweł\SkyDrive\Dokumenty\Help\Working\Output\Website\icons\save_hover.gif
C:\Program Files (x86)\EWSoftware\Sandcastle Help File Builder\PresentationStyles\VS2005\icons\security.gif -&gt; C:\Users\Paweł\SkyDrive\Dokumenty\Help\Working\Output\Website\icons\security.gif
C:\Program Files (x86)\EWSoftware\Sandcastle Help File Builder\PresentationStyles\VS2005\icons\seealso1a.gif -&gt; C:\Users\Paweł\SkyDrive\Dokumenty\Help\Working\Output\Website\icons\seealso1a.gif
C:\Program Files (x86)\EWSoftware\Sandcastle Help File Builder\PresentationStyles\VS2005\icons\seealso1c.gif -&gt; C:\Users\Paweł\SkyDrive\Dokumenty\Help\Working\Output\Website\icons\seealso1c.gif
C:\Program Files (x86)\EWSoftware\Sandcastle Help File Builder\PresentationStyles\VS2005\icons\slMobile.gif -&gt; C:\Users\Paweł\SkyDrive\Dokumenty\Help\Working\Output\Website\icons\slMobile.gif
C:\Program Files (x86)\EWSoftware\Sandcastle Help File Builder\PresentationStyles\VS2005\icons\static.gif -&gt; C:\Users\Paweł\SkyDrive\Dokumenty\Help\Working\Output\Website\icons\static.gif
C:\Program Files (x86)\EWSoftware\Sandcastle Help File Builder\PresentationStyles\VS2005\icons\xna.gif -&gt; C:\Users\Paweł\SkyDrive\Dokumenty\Help\Working\Output\Website\icons\xna.gif
C:\Program Files (x86)\EWSoftware\Sandcastle Help File Builder\PresentationStyles\VS2005\scripts\CheckboxMenu.js -&gt; C:\Users\Paweł\SkyDrive\Dokumenty\Help\Working\Output\Website\scripts\CheckboxMenu.js
C:\Program Files (x86)\EWSoftware\Sandcastle Help File Builder\PresentationStyles\VS2005\scripts\CommonUtilities.js -&gt; C:\Users\Paweł\SkyDrive\Dokumenty\Help\Working\Output\Website\scripts\CommonUtilities.js
C:\Program Files (x86)\EWSoftware\Sandcastle Help File Builder\PresentationStyles\VS2005\scripts\Dropdown.js -&gt; C:\Users\Paweł\SkyDrive\Dokumenty\Help\Working\Output\Website\scripts\Dropdown.js
C:\Program Files (x86)\EWSoftware\Sandcastle Help File Builder\PresentationStyles\VS2005\scripts\EventUtilities.js -&gt; C:\Users\Paweł\SkyDrive\Dokumenty\Help\Working\Output\Website\scripts\EventUtilities.js
C:\Program Files (x86)\EWSoftware\Sandcastle Help File Builder\PresentationStyles\VS2005\scripts\script_feedBack.js -&gt; C:\Users\Paweł\SkyDrive\Dokumenty\Help\Working\Output\Website\scripts\script_feedBack.js
C:\Program Files (x86)\EWSoftware\Sandcastle Help File Builder\PresentationStyles\VS2005\scripts\script_manifold.js -&gt; C:\Users\Paweł\SkyDrive\Dokumenty\Help\Working\Output\Website\scripts\script_manifold.js
C:\Program Files (x86)\EWSoftware\Sandcastle Help File Builder\PresentationStyles\VS2005\scripts\SplitScreen.js -&gt; C:\Users\Paweł\SkyDrive\Dokumenty\Help\Working\Output\Website\scripts\SplitScreen.js
C:\Program Files (x86)\EWSoftware\Sandcastle Help File Builder\PresentationStyles\VS2005\styles\Presentation.css -&gt; C:\Users\Paweł\SkyDrive\Dokumenty\Help\Working\Output\Website\styles\Presentation.css
C:\Program Files (x86)\EWSoftware\Sandcastle Help File Builder\\Web\CloseSearch.png -&gt; C:\Users\Paweł\SkyDrive\Dokumenty\Help\Working\Output\Website\.\CloseSearch.png
C:\Program Files (x86)\EWSoftware\Sandcastle Help File Builder\\Web\CollapseAll.png -&gt; C:\Users\Paweł\SkyDrive\Dokumenty\Help\Working\Output\Website\.\CollapseAll.png
C:\Program Files (x86)\EWSoftware\Sandcastle Help File Builder\\Web\Collapsed.gif -&gt; C:\Users\Paweł\SkyDrive\Dokumenty\Help\Working\Output\Website\.\Collapsed.gif
C:\Program Files (x86)\EWSoftware\Sandcastle Help File Builder\\Web\Expanded.gif -&gt; C:\Users\Paweł\SkyDrive\Dokumenty\Help\Working\Output\Website\.\Expanded.gif
C:\Program Files (x86)\EWSoftware\Sandcastle Help File Builder\\Web\favicon.ico -&gt; C:\Users\Paweł\SkyDrive\Dokumenty\Help\Working\Output\Website\.\favicon.ico
C:\Program Files (x86)\EWSoftware\Sandcastle Help File Builder\\Web\FillNode.aspx -&gt; C:\Users\Paweł\SkyDrive\Dokumenty\Help\Working\Output\Website\.\FillNode.aspx
C:\Program Files (x86)\EWSoftware\Sandcastle Help File Builder\\Web\FillNode.php -&gt; C:\Users\Paweł\SkyDrive\Dokumenty\Help\Working\Output\Website\.\FillNode.php
C:\Program Files (x86)\EWSoftware\Sandcastle Help File Builder\\Web\Index.aspx -&gt; C:\Users\Paweł\SkyDrive\Dokumenty\Help\Working\Output\Website\.\Index.aspx
C:\Program Files (x86)\EWSoftware\Sandcastle Help File Builder\\Web\Index.gif -&gt; C:\Users\Paweł\SkyDrive\Dokumenty\Help\Working\Output\Website\.\Index.gif
C:\Program Files (x86)\EWSoftware\Sandcastle Help File Builder\\Web\index.html -&gt; C:\Users\Paweł\SkyDrive\Dokumenty\Help\Working\Output\Website\.\index.html
C:\Program Files (x86)\EWSoftware\Sandcastle Help File Builder\\Web\index.php -&gt; C:\Users\Paweł\SkyDrive\Dokumenty\Help\Working\Output\Website\.\index.php
C:\Program Files (x86)\EWSoftware\Sandcastle Help File Builder\\Web\Item.gif -&gt; C:\Users\Paweł\SkyDrive\Dokumenty\Help\Working\Output\Website\.\Item.gif
C:\Program Files (x86)\EWSoftware\Sandcastle Help File Builder\\Web\LoadIndexKeywords.aspx -&gt; C:\Users\Paweł\SkyDrive\Dokumenty\Help\Working\Output\Website\.\LoadIndexKeywords.aspx
C:\Program Files (x86)\EWSoftware\Sandcastle Help File Builder\\Web\LoadIndexKeywords.php -&gt; C:\Users\Paweł\SkyDrive\Dokumenty\Help\Working\Output\Website\.\LoadIndexKeywords.php
C:\Program Files (x86)\EWSoftware\Sandcastle Help File Builder\\Web\Search.gif -&gt; C:\Users\Paweł\SkyDrive\Dokumenty\Help\Working\Output\Website\.\Search.gif
C:\Program Files (x86)\EWSoftware\Sandcastle Help File Builder\\Web\SearchHelp.aspx -&gt; C:\Users\Paweł\SkyDrive\Dokumenty\Help\Working\Output\Website\.\SearchHelp.aspx
C:\Program Files (x86)\EWSoftware\Sandcastle Help File Builder\\Web\SearchHelp.inc.php -&gt; C:\Users\Paweł\SkyDrive\Dokumenty\Help\Working\Output\Website\.\SearchHelp.inc.php
C:\Program Files (x86)\EWSoftware\Sandcastle Help File Builder\\Web\SearchHelp.php -&gt; C:\Users\Paweł\SkyDrive\Dokumenty\Help\Working\Output\Website\.\SearchHelp.php
C:\Program Files (x86)\EWSoftware\Sandcastle Help File Builder\\Web\Splitter.gif -&gt; C:\Users\Paweł\SkyDrive\Dokumenty\Help\Working\Output\Website\.\Splitter.gif
C:\Program Files (x86)\EWSoftware\Sandcastle Help File Builder\\Web\SyncTOC.gif -&gt; C:\Users\Paweł\SkyDrive\Dokumenty\Help\Working\Output\Website\.\SyncTOC.gif
C:\Program Files (x86)\EWSoftware\Sandcastle Help File Builder\\Web\TOC.css -&gt; C:\Users\Paweł\SkyDrive\Dokumenty\Help\Working\Output\Website\.\TOC.css
C:\Program Files (x86)\EWSoftware\Sandcastle Help File Builder\\Web\TOC.js -&gt; C:\Users\Paweł\SkyDrive\Dokumenty\Help\Working\Output\Website\.\TOC.js
C:\Program Files (x86)\EWSoftware\Sandcastle Help File Builder\\Web\Web.Config -&gt; C:\Users\Paweł\SkyDrive\Dokumenty\Help\Working\Output\Website\.\Web.Config
    Last step completed in 00:00:00.5264
</buildStep>
<buildStep step="GenerateHelpFormatTableOfContents">
Generating HTML Help 1 table of contents file...
    Last step completed in 00:00:00.0010
</buildStep>
<buildStep step="GenerateHelpFileIndex">
Generating HTML Help 1 index file...
    Last step completed in 00:00:00.0010
</buildStep>
<buildStep step="GenerateHelpProject">
Generating HTML Help 1 project file...
    Last step completed in 00:00:00.0030
</buildStep>
<buildStep step="CompilingHelpFile">
Compiling HTML Help 1 file...
[C:\Windows\Microsoft.NET\Framework64\v4.0.30319\MSBuild.exe]
  Microsoft HTML Help Compiler 4.74.8702
  
  
  
  Compiling c:\Users\Paweł\SkyDrive\Dokumenty\Help\Working\Output\HtmlHelp1\Documentation.chm
  
  
  
  
  
  Compile time: 0 minutes, 0 seconds
  
  11	Topics
  
  88	Local links
  
  40	Internet links
  
  0	Graphics
  
  
  
  
  
  Created c:\Users\Paweł\SkyDrive\Dokumenty\Help\Working\Output\HtmlHelp1\Documentation.chm, 95,967 bytes
  
  Compression decreased file by 178,152 bytes.
  
    Last step completed in 00:00:01.8076
</buildStep>
<buildStep step="GenerateHelpFormatTableOfContents">
Generating website table of contents file...
    Last step completed in 00:00:00.0030
</buildStep>
<buildStep step="GenerateFullTextIndex">
Generating full-text index for the website...

    Last step completed in 00:00:00.1271
</buildStep>
<buildStep step="CopyingWebsiteFiles">
Copying website files to output folder...

Copied 100 files
Copied 162 files for the website content
    Last step completed in 00:00:00.1231
</buildStep>
<buildStep step="CleanIntermediates">
Removing intermediate files...
    Last step completed in 00:00:00.0791
</buildStep>
<buildStep step="Completed">

Build completed successfully at 04-01-2014 10:17 .  Total time: 00:00:18,5388

</buildStep>
</shfbBuild>
